[0.089s] Invoking command in '/home/unitree/imes-g1/build/g1_control': CMAKE_PREFIX_PATH=${CMAKE_PREFIX_PATH}:/opt/ros/humble CONDA_PROMPT_MODIFIER=(base) PS1=(base) \[\e]0;\u@\h: \w\a\]${debian_chroot:+($debian_chroot)}\[\033[01;32m\]\u@\h\[\033[00m\]:\[\033[01;34m\]\w\[\033[00m\]\$ /usr/bin/cmake --build /home/unitree/imes-g1/build/g1_control -- -j8 -l8
[1.398s] -- Found ament_cmake: 1.3.11 (/opt/ros/humble/share/ament_cmake/cmake)
[1.398s] -- Found Python3: /home/unitree/miniconda3/bin/python3 (found version "3.13.5") found components: Interpreter 
[1.399s] -- Override CMake install command with custom implementation using symlinks instead of copying resources
[1.399s] -- Found rclpy: 3.3.15 (/opt/ros/humble/share/rclpy/cmake)
[1.399s] -- Configuring incomplete, errors occurred!
[1.399s] See also "/home/unitree/imes-g1/build/g1_control/CMakeFiles/CMakeOutput.log".
[1.401s] make: Warning: File 'Makefile' has modification time 1770221856 s in the future
[1.401s] Traceback (most recent call last):
[1.401s]   File "/opt/ros/humble/share/ament_cmake_core/cmake/core/package_xml_2_cmake.py", line 22, in <module>
[1.402s]     from catkin_pkg.package import parse_package_string
[1.402s] ModuleNotFoundError: No module named 'catkin_pkg'
[1.402s] [31mCMake Error at /opt/ros/humble/share/ament_cmake_core/cmake/core/ament_package_xml.cmake:95 (message):
[1.402s]   execute_process(/home/unitree/miniconda3/bin/python3
[1.402s]   /opt/ros/humble/share/ament_cmake_core/cmake/core/package_xml_2_cmake.py
[1.402s]   /home/unitree/imes-g1/src/ros/g1_control/package.xml
[1.403s]   /home/unitree/imes-g1/build/g1_control/ament_cmake_core/package.cmake)
[1.403s]   returned error code 1
[1.403s] Call Stack (most recent call first):
[1.403s]   /opt/ros/humble/share/ament_cmake_core/cmake/core/ament_package_xml.cmake:49 (_ament_package_xml)
[1.403s]   /opt/ros/humble/share/ament_cmake_core/cmake/core/ament_package.cmake:63 (ament_package_xml)
[1.403s]   CMakeLists.txt:12 (ament_package)
[1.403s] 
[1.404s] [0m
[1.404s] make: *** [Makefile:226: cmake_check_build_system] Error 1
