[0.087s] Invoking command in '/home/unitree/imes-g1/build/g1_control': CMAKE_PREFIX_PATH=${CMAKE_PREFIX_PATH}:/opt/ros/humble CONDA_PROMPT_MODIFIER=(base) PS1=(base) \[\e]0;\u@\h: \w\a\]${debian_chroot:+($debian_chroot)}\[\033[01;32m\]\u@\h\[\033[00m\]:\[\033[01;34m\]\w\[\033[00m\]\$ /usr/bin/cmake --build /home/unitree/imes-g1/build/g1_control -- -j8 -l8
[0.459s] -- Found ament_cmake: 1.3.11 (/opt/ros/humble/share/ament_cmake/cmake)
[0.459s] -- Override CMake install command with custom implementation using symlinks instead of copying resources
[0.459s] -- Found rclpy: 3.3.15 (/opt/ros/humble/share/rclpy/cmake)
[0.461s] make: Warning: File 'Makefile' has modification time 1770221534 s in the future
[0.461s] Traceback (most recent call last):
[0.463s]   File "/opt/ros/humble/share/ament_cmake_core/cmake/core/package_xml_2_cmake.py", line 22, in <module>
[0.463s]     from catkin_pkg.package import parse_package_string
[0.463s] ModuleNotFoundError: No module named 'catkin_pkg'
[0.481s] [31mCMake Error at /opt/ros/humble/share/ament_cmake_core/cmake/core/ament_package_xml.cmake:95 (message):
[0.481s]   execute_process(/home/unitree/miniconda3/bin/python3
[0.481s]   /opt/ros/humble/share/ament_cmake_core/cmake/core/package_xml_2_cmake.py
[0.481s]   /home/unitree/imes-g1/src/ros/g1_control/package.xml
[0.482s]   /home/unitree/imes-g1/build/g1_control/ament_cmake_core/package.cmake)
[0.482s]   returned error code 1
[0.482s] Call Stack (most recent call first):
[0.482s]   /opt/ros/humble/share/ament_cmake_core/cmake/core/ament_package_xml.cmake:49 (_ament_package_xml)
[0.482s]   /opt/ros/humble/share/ament_cmake_core/cmake/core/ament_package.cmake:63 (ament_package_xml)
[0.482s]   CMakeLists.txt:12 (ament_package)
[0.482s] 
[0.483s] [0m
[0.483s] -- Configuring incomplete, errors occurred!
[0.483s] See also "/home/unitree/imes-g1/build/g1_control/CMakeFiles/CMakeOutput.log".
[0.488s] make: *** [Makefile:226: cmake_check_build_system] Error 1
