[0.140s] Invoking command in '/home/unitree/imes-g1/build/g1_depth_camera': CMAKE_PREFIX_PATH=${CMAKE_PREFIX_PATH}:/opt/ros/humble CONDA_PROMPT_MODIFIER=(base) PS1=(base) \[\e]0;\u@\h: \w\a\]${debian_chroot:+($debian_chroot)}\[\033[01;32m\]\u@\h\[\033[00m\]:\[\033[01;34m\]\w\[\033[00m\]\$ /usr/bin/cmake --build /home/unitree/imes-g1/build/g1_depth_camera -- -j8 -l8
[1.393s] -- Found ament_cmake: 1.3.11 (/opt/ros/humble/share/ament_cmake/cmake)
[1.393s] -- Found Python3: /home/unitree/miniconda3/bin/python3 (found version "3.13.5") found components: Interpreter 
[1.393s] -- Override CMake install command with custom implementation using symlinks instead of copying resources
[1.394s] -- Found ament_lint_auto: 0.12.11 (/opt/ros/humble/share/ament_lint_auto/cmake)
[1.398s] make: Warning: File 'Makefile' has modification time 1770221856 s in the future
[1.406s] Traceback (most recent call last):
[1.413s]   File "/opt/ros/humble/share/ament_cmake_core/cmake/core/package_xml_2_cmake.py", line 22, in <module>
[1.413s]     from catkin_pkg.package import parse_package_string
[1.413s] ModuleNotFoundError: No module named 'catkin_pkg'
[1.430s] [31mCMake Error at /opt/ros/humble/share/ament_cmake_core/cmake/core/ament_package_xml.cmake:95 (message):
[1.431s]   execute_process(/home/unitree/miniconda3/bin/python3
[1.431s]   /opt/ros/humble/share/ament_cmake_core/cmake/core/package_xml_2_cmake.py
[1.431s]   /home/unitree/imes-g1/src/ros/g1_depth_camera/package.xml
[1.431s]   /home/unitree/imes-g1/build/g1_depth_camera/ament_cmake_core/package.cmake)
[1.431s]   returned error code 1
[1.431s] Call Stack (most recent call first):
[1.431s]   /opt/ros/humble/share/ament_cmake_core/cmake/core/ament_package_xml.cmake:49 (_ament_package_xml)
[1.431s]   /opt/ros/humble/share/ament_lint_auto/cmake/ament_lint_auto_find_test_dependencies.cmake:31 (ament_package_xml)
[1.431s]   CMakeLists.txt:23 (ament_lint_auto_find_test_dependencies)
[1.432s] 
[1.432s] [0m
[1.432s] -- Configuring incomplete, errors occurred!
[1.432s] See also "/home/unitree/imes-g1/build/g1_depth_camera/CMakeFiles/CMakeOutput.log".
[1.435s] make: *** [Makefile:226: cmake_check_build_system] Error 1
