[0.123s] Invoking command in '/home/unitree/imes-g1/build/g1_interface': CMAKE_PREFIX_PATH=${CMAKE_PREFIX_PATH}:/opt/ros/humble CONDA_PROMPT_MODIFIER=(base_copy) PS1=(base_copy) \[\e]0;\u@\h: \w\a\]${debian_chroot:+($debian_chroot)}\[\033[01;32m\]\u@\h\[\033[00m\]:\[\033[01;34m\]\w\[\033[00m\]\$ /usr/bin/cmake --build /home/unitree/imes-g1/build/g1_interface -- -j8 -l8
[0.164s] make: Warning: File 'Makefile' has modification time 1770221320 s in the future
[0.165s] -- Found ament_cmake: 1.3.11 (/opt/ros/humble/share/ament_cmake/cmake)
[0.410s] -- Override CMake install command with custom implementation using symlinks instead of copying resources
[0.426s] -- Found std_srvs: 4.2.4 (/opt/ros/humble/share/std_srvs/cmake)
[0.484s] -- Found rosidl_generator_c: 3.1.6 (/opt/ros/humble/share/rosidl_generator_c/cmake)
[0.489s] -- Found rosidl_adapter: 3.1.6 (/opt/ros/humble/share/rosidl_adapter/cmake)
[0.503s] -- Found rosidl_generator_cpp: 3.1.6 (/opt/ros/humble/share/rosidl_generator_cpp/cmake)
[0.527s] -- Using all available rosidl_typesupport_c: rosidl_typesupport_fastrtps_c;rosidl_typesupport_introspection_c
[0.560s] -- Using all available rosidl_typesupport_cpp: rosidl_typesupport_fastrtps_cpp;rosidl_typesupport_introspection_cpp
[0.585s] -- Found rosidl_default_generators: 1.2.0 (/opt/ros/humble/share/rosidl_default_generators/cmake)
[0.777s] [31mCMake Error at /opt/ros/humble/share/rosidl_adapter/cmake/rosidl_adapt_interfaces.cmake:59 (message):
[0.777s]   execute_process(/home/unitree/miniconda3/bin/python3 -m rosidl_adapter
[0.777s]   --package-name g1_interface --arguments-file
[0.777s]   /home/unitree/imes-g1/build/g1_interface/rosidl_adapter__arguments__g1_interface.json
[0.777s]   --output-dir
[0.777s]   /home/unitree/imes-g1/build/g1_interface/rosidl_adapter/g1_interface
[0.777s]   --output-file
[0.777s]   /home/unitree/imes-g1/build/g1_interface/rosidl_adapter/g1_interface.idls)
[0.778s]   returned error code 1:
[0.778s] 
[0.778s]   Traceback (most recent call last):
[0.778s] 
[0.778s]     File "<frozen runpy>", line 198, in _run_module_as_main
[0.778s]     File "<frozen runpy>", line 88, in _run_code
[0.778s]     File "/opt/ros/humble/local/lib/python3.10/dist-packages/rosidl_adapter/__main__.py", line 19, in <module>
[0.778s]       sys.exit(main())
[0.778s]                ~~~~^^
[0.778s]     File "/opt/ros/humble/local/lib/python3.10/dist-packages/rosidl_adapter/main.py", line 53, in main
[0.778s]       abs_idl_file = convert_to_idl(
[0.778s]           pathlib.Path(basepath), args.package_name,
[0.779s]           pathlib.Path(relative_path), output_dir)
[0.779s]     File "/opt/ros/humble/local/lib/python3.10/dist-packages/rosidl_adapter/__init__.py", line 23, in convert_to_idl
[0.779s]       from rosidl_adapter.srv import convert_srv_to_idl
[0.779s]     File "/opt/ros/humble/local/lib/python3.10/dist-packages/rosidl_adapter/srv/__init__.py", line 16, in <module>
[0.779s]       from rosidl_adapter.resource import expand_template
[0.779s]     File "/opt/ros/humble/local/lib/python3.10/dist-packages/rosidl_adapter/resource/__init__.py", line 19, in <module>
[0.779s]       import em
[0.779s] 
[0.779s]   ModuleNotFoundError: No module named 'em'
[0.779s] 
[0.779s] Call Stack (most recent call first):
[0.779s]   /opt/ros/humble/share/rosidl_cmake/cmake/rosidl_generate_interfaces.cmake:130 (rosidl_adapt_interfaces)
[0.780s]   CMakeLists.txt:22 (rosidl_generate_interfaces)
[0.780s] 
[0.780s] [0m
[0.780s] -- Configuring incomplete, errors occurred!
[0.780s] See also "/home/unitree/imes-g1/build/g1_interface/CMakeFiles/CMakeOutput.log".
[0.780s] make: *** [Makefile:1151: cmake_check_build_system] Error 1
