[0.089s] Invoking command in '/home/unitree/imes-g1/build/g1_control': CMAKE_PREFIX_PATH=${CMAKE_PREFIX_PATH}:/opt/ros/humble CONDA_PROMPT_MODIFIER=(base_copy) PS1=(base_copy) \[\e]0;\u@\h: \w\a\]${debian_chroot:+($debian_chroot)}\[\033[01;32m\]\u@\h\[\033[00m\]:\[\033[01;34m\]\w\[\033[00m\]\$ /usr/bin/cmake --build /home/unitree/imes-g1/build/g1_control -- -j8 -l8
[0.548s] -- Found ament_cmake: 1.3.11 (/opt/ros/humble/share/ament_cmake/cmake)
[0.550s] -- Override CMake install command with custom implementation using symlinks instead of copying resources
[0.550s] -- Found rclpy: 3.3.15 (/opt/ros/humble/share/rclpy/cmake)
[0.550s] -- Configuring incomplete, errors occurred!
[0.551s] See also "/home/unitree/imes-g1/build/g1_control/CMakeFiles/CMakeOutput.log".
[0.552s] make: Warning: File 'Makefile' has modification time 1770221451 s in the future
[0.552s] Traceback (most recent call last):
[0.553s]   File "/opt/ros/humble/share/ament_cmake_core/cmake/core/package_xml_2_cmake.py", line 22, in <module>
[0.553s]     from catkin_pkg.package import parse_package_string
[0.553s] ModuleNotFoundError: No module named 'catkin_pkg'
[0.553s] [31mCMake Error at /opt/ros/humble/share/ament_cmake_core/cmake/core/ament_package_xml.cmake:95 (message):
[0.553s]   execute_process(/home/unitree/miniconda3/bin/python3
[0.553s]   /opt/ros/humble/share/ament_cmake_core/cmake/core/package_xml_2_cmake.py
[0.553s]   /home/unitree/imes-g1/src/ros/g1_control/package.xml
[0.553s]   /home/unitree/imes-g1/build/g1_control/ament_cmake_core/package.cmake)
[0.553s]   returned error code 1
[0.553s] Call Stack (most recent call first):
[0.554s]   /opt/ros/humble/share/ament_cmake_core/cmake/core/ament_package_xml.cmake:49 (_ament_package_xml)
[0.554s]   /opt/ros/humble/share/ament_cmake_core/cmake/core/ament_package.cmake:63 (ament_package_xml)
[0.554s]   CMakeLists.txt:12 (ament_package)
[0.554s] 
[0.554s] [0m
[0.554s] make: *** [Makefile:226: cmake_check_build_system] Error 1
[0.592s] Invoked command in '/home/unitree/imes-g1/build/g1_control' returned '2': CMAKE_PREFIX_PATH=${CMAKE_PREFIX_PATH}:/opt/ros/humble CONDA_PROMPT_MODIFIER=(base_copy) PS1=(base_copy) \[\e]0;\u@\h: \w\a\]${debian_chroot:+($debian_chroot)}\[\033[01;32m\]\u@\h\[\033[00m\]:\[\033[01;34m\]\w\[\033[00m\]\$ /usr/bin/cmake --build /home/unitree/imes-g1/build/g1_control -- -j8 -l8
