[0.089s] Invoking command in '/home/unitree/imes-g1/build/domain_bridge': CMAKE_PREFIX_PATH=${CMAKE_PREFIX_PATH}:/opt/ros/humble CONDA_PROMPT_MODIFIER=(base) PS1=(base) \[\e]0;\u@\h: \w\a\]${debian_chroot:+($debian_chroot)}\[\033[01;32m\]\u@\h\[\033[00m\]:\[\033[01;34m\]\w\[\033[00m\]\$ /usr/bin/cmake --build /home/unitree/imes-g1/build/domain_bridge -- -j8 -l8
[0.136s] make: Warning: File 'Makefile' has modification time 1770221858 s in the future
[0.143s] -- Found ament_cmake: 1.3.11 (/opt/ros/humble/share/ament_cmake/cmake)
[1.048s] -- Found Python3: /home/unitree/miniconda3/bin/python3 (found version "3.13.5") found components: Interpreter 
[1.261s] -- Override CMake install command with custom implementation using symlinks instead of copying resources
[1.372s] -- Found rcl: 5.3.9 (/opt/ros/humble/share/rcl/cmake)
[1.497s] -- Found rosidl_generator_c: 3.1.6 (/opt/ros/humble/share/rosidl_generator_c/cmake)
[1.513s] -- Found rosidl_adapter: 3.1.6 (/opt/ros/humble/share/rosidl_adapter/cmake)
[1.534s] -- Found rosidl_generator_cpp: 3.1.6 (/opt/ros/humble/share/rosidl_generator_cpp/cmake)
[1.565s] -- Using all available rosidl_typesupport_c: rosidl_typesupport_fastrtps_c;rosidl_typesupport_introspection_c
[1.605s] -- Using all available rosidl_typesupport_cpp: rosidl_typesupport_fastrtps_cpp;rosidl_typesupport_introspection_cpp
[1.716s] -- Found rmw_implementation_cmake: 6.1.2 (/opt/ros/humble/share/rmw_implementation_cmake/cmake)
[1.722s] -- Found rmw_cyclonedds_cpp: 1.3.4 (/home/unitree/ros2/unitree_ros2/cyclonedds_ws/install/rmw_cyclonedds_cpp/share/rmw_cyclonedds_cpp/cmake)
[1.769s] -- Using RMW implementation 'rmw_cyclonedds_cpp' as default
[1.811s] -- Found rclcpp: 16.0.11 (/opt/ros/humble/share/rclcpp/cmake)
[1.933s] -- Found rosbag2_cpp: 0.15.13 (/opt/ros/humble/share/rosbag2_cpp/cmake)
[2.036s] -- Found rosidl_default_generators: 1.2.0 (/opt/ros/humble/share/rosidl_default_generators/cmake)
[2.058s] -- Found zstd_vendor: 0.15.13 (/opt/ros/humble/share/zstd_vendor/cmake)
[2.059s] [31mCMake Error at /opt/ros/humble/share/zstd_vendor/cmake/Modules/Findzstd.cmake:21 (file):
[2.059s]   file STRINGS file "/opt/ros/foxy/include/zstd.h" cannot be read.
[2.060s] Call Stack (most recent call first):
[2.060s]   CMakeLists.txt:30 (find_package)
[2.060s] 
[2.060s] [0m
[2.060s] -- Found zstd: /opt/ros/foxy/lib/libzstd.so (found version "NOTFOUND.NOTFOUND.NOTFOUND") 
[2.188s] [31mCMake Error at /opt/ros/humble/share/rosidl_adapter/cmake/rosidl_adapt_interfaces.cmake:59 (message):
[2.189s]   execute_process(/home/unitree/miniconda3/bin/python3 -m rosidl_adapter
[2.189s]   --package-name domain_bridge --arguments-file
[2.189s]   /home/unitree/imes-g1/build/domain_bridge/rosidl_adapter__arguments__domain_bridge.json
[2.189s]   --output-dir
[2.189s]   /home/unitree/imes-g1/build/domain_bridge/rosidl_adapter/domain_bridge
[2.190s]   --output-file
[2.190s]   /home/unitree/imes-g1/build/domain_bridge/rosidl_adapter/domain_bridge.idls)
[2.190s]   returned error code 1:
[2.190s] 
[2.190s]   Traceback (most recent call last):
[2.190s] 
[2.190s]     File "<frozen runpy>", line 198, in _run_module_as_main
[2.190s]     File "<frozen runpy>", line 88, in _run_code
[2.190s]     File "/opt/ros/humble/local/lib/python3.10/dist-packages/rosidl_adapter/__main__.py", line 19, in <module>
[2.190s]       sys.exit(main())
[2.190s]                ~~~~^^
[2.190s]     File "/opt/ros/humble/local/lib/python3.10/dist-packages/rosidl_adapter/main.py", line 53, in main
[2.191s]       abs_idl_file = convert_to_idl(
[2.191s]           pathlib.Path(basepath), args.package_name,
[2.191s]           pathlib.Path(relative_path), output_dir)
[2.191s]     File "/opt/ros/humble/local/lib/python3.10/dist-packages/rosidl_adapter/__init__.py", line 18, in convert_to_idl
[2.191s]       from rosidl_adapter.msg import convert_msg_to_idl
[2.191s]     File "/opt/ros/humble/local/lib/python3.10/dist-packages/rosidl_adapter/msg/__init__.py", line 16, in <module>
[2.191s]       from rosidl_adapter.resource import expand_template
[2.191s]     File "/opt/ros/humble/local/lib/python3.10/dist-packages/rosidl_adapter/resource/__init__.py", line 19, in <module>
[2.191s]       import em
[2.191s] 
[2.191s]   ModuleNotFoundError: No module named 'em'
[2.191s] 
[2.192s] Call Stack (most recent call first):
[2.192s]   /opt/ros/humble/share/rosidl_cmake/cmake/rosidl_generate_interfaces.cmake:130 (rosidl_adapt_interfaces)
[2.192s]   CMakeLists.txt:32 (rosidl_generate_interfaces)
[2.192s] 
[2.192s] [0m
[2.192s] -- Configuring incomplete, errors occurred!
[2.192s] See also "/home/unitree/imes-g1/build/domain_bridge/CMakeFiles/CMakeOutput.log".
[2.192s] See also "/home/unitree/imes-g1/build/domain_bridge/CMakeFiles/CMakeError.log".
[2.203s] make: *** [Makefile:1212: cmake_check_build_system] Error 1
