[0.115s] Invoking command in '/home/unitree/imes-g1/build/unitree_api': CMAKE_PREFIX_PATH=${CMAKE_PREFIX_PATH}:/opt/ros/humble CONDA_PROMPT_MODIFIER=(base_copy) PS1=(base_copy) \[\e]0;\u@\h: \w\a\]${debian_chroot:+($debian_chroot)}\[\033[01;32m\]\u@\h\[\033[00m\]:\[\033[01;34m\]\w\[\033[00m\]\$ /usr/bin/cmake --build /home/unitree/imes-g1/build/unitree_api -- -j8 -l8
[0.155s] make: Warning: File 'Makefile' has modification time 1770221321 s in the future
[0.159s] -- Found ament_cmake: 1.3.11 (/opt/ros/humble/share/ament_cmake/cmake)
[0.461s] -- Override CMake install command with custom implementation using symlinks instead of copying resources
[0.472s] -- Found geometry_msgs: 4.2.4 (/opt/ros/humble/share/geometry_msgs/cmake)
[0.532s] -- Found rosidl_generator_c: 3.1.6 (/opt/ros/humble/share/rosidl_generator_c/cmake)
[0.542s] -- Found rosidl_adapter: 3.1.6 (/opt/ros/humble/share/rosidl_adapter/cmake)
[0.551s] -- Found rosidl_generator_cpp: 3.1.6 (/opt/ros/humble/share/rosidl_generator_cpp/cmake)
[0.575s] -- Using all available rosidl_typesupport_c: rosidl_typesupport_fastrtps_c;rosidl_typesupport_introspection_c
[0.612s] -- Using all available rosidl_typesupport_cpp: rosidl_typesupport_fastrtps_cpp;rosidl_typesupport_introspection_cpp
[0.683s] -- Found rosidl_default_generators: 1.2.0 (/opt/ros/humble/share/rosidl_default_generators/cmake)
[0.703s] -- Found rosidl_generator_dds_idl: 0.8.1 (/opt/ros/humble/share/rosidl_generator_dds_idl/cmake)
[0.859s] [31mCMake Error at /opt/ros/humble/share/rosidl_adapter/cmake/rosidl_adapt_interfaces.cmake:59 (message):
[0.859s]   execute_process(/home/unitree/miniconda3/bin/python3 -m rosidl_adapter
[0.859s]   --package-name unitree_api --arguments-file
[0.860s]   /home/unitree/imes-g1/build/unitree_api/rosidl_adapter__arguments__unitree_api.json
[0.860s]   --output-dir
[0.860s]   /home/unitree/imes-g1/build/unitree_api/rosidl_adapter/unitree_api
[0.860s]   --output-file
[0.860s]   /home/unitree/imes-g1/build/unitree_api/rosidl_adapter/unitree_api.idls)
[0.860s]   returned error code 1:
[0.860s] 
[0.860s]   Traceback (most recent call last):
[0.860s] 
[0.860s]     File "<frozen runpy>", line 198, in _run_module_as_main
[0.860s]     File "<frozen runpy>", line 88, in _run_code
[0.861s]     File "/opt/ros/humble/local/lib/python3.10/dist-packages/rosidl_adapter/__main__.py", line 19, in <module>
[0.861s]       sys.exit(main())
[0.861s]                ~~~~^^
[0.861s]     File "/opt/ros/humble/local/lib/python3.10/dist-packages/rosidl_adapter/main.py", line 53, in main
[0.861s]       abs_idl_file = convert_to_idl(
[0.861s]           pathlib.Path(basepath), args.package_name,
[0.861s]           pathlib.Path(relative_path), output_dir)
[0.861s]     File "/opt/ros/humble/local/lib/python3.10/dist-packages/rosidl_adapter/__init__.py", line 18, in convert_to_idl
[0.861s]       from rosidl_adapter.msg import convert_msg_to_idl
[0.861s]     File "/opt/ros/humble/local/lib/python3.10/dist-packages/rosidl_adapter/msg/__init__.py", line 16, in <module>
[0.861s]       from rosidl_adapter.resource import expand_template
[0.861s]     File "/opt/ros/humble/local/lib/python3.10/dist-packages/rosidl_adapter/resource/__init__.py", line 19, in <module>
[0.862s]       import em
[0.862s] 
[0.862s]   ModuleNotFoundError: No module named 'em'
[0.862s] 
[0.862s] Call Stack (most recent call first):
[0.862s]   /opt/ros/humble/share/rosidl_cmake/cmake/rosidl_generate_interfaces.cmake:130 (rosidl_adapt_interfaces)
[0.862s]   CMakeLists.txt:28 (rosidl_generate_interfaces)
[0.862s] 
[0.862s] [0m
[0.862s] -- Configuring incomplete, errors occurred!
[0.863s] See also "/home/unitree/imes-g1/build/unitree_api/CMakeFiles/CMakeOutput.log".
[0.870s] make: *** [Makefile:2245: cmake_check_build_system] Error 1
