[0.058s] Invoking command in '/home/unitree/imes-g1/build/unitree_go': CMAKE_PREFIX_PATH=${CMAKE_PREFIX_PATH}:/opt/ros/humble CONDA_PROMPT_MODIFIER=(base) PS1=(base) \[\e]0;\u@\h: \w\a\]${debian_chroot:+($debian_chroot)}\[\033[01;32m\]\u@\h\[\033[00m\]:\[\033[01;34m\]\w\[\033[00m\]\$ /usr/bin/cmake --build /home/unitree/imes-g1/build/unitree_go -- -j8 -l8
[0.129s] -- Found ament_cmake: 1.3.11 (/opt/ros/humble/share/ament_cmake/cmake)
[0.129s] make: Warning: File 'Makefile' has modification time 1770221858 s in the future
[0.988s] -- Found Python3: /home/unitree/miniconda3/bin/python3 (found version "3.13.5") found components: Interpreter 
[1.234s] -- Override CMake install command with custom implementation using symlinks instead of copying resources
[1.331s] -- Found geometry_msgs: 4.2.4 (/opt/ros/humble/share/geometry_msgs/cmake)
[1.437s] -- Found rosidl_generator_c: 3.1.6 (/opt/ros/humble/share/rosidl_generator_c/cmake)
[1.453s] -- Found rosidl_adapter: 3.1.6 (/opt/ros/humble/share/rosidl_adapter/cmake)
[1.477s] -- Found rosidl_generator_cpp: 3.1.6 (/opt/ros/humble/share/rosidl_generator_cpp/cmake)
[1.512s] -- Using all available rosidl_typesupport_c: rosidl_typesupport_fastrtps_c;rosidl_typesupport_introspection_c
[1.556s] -- Using all available rosidl_typesupport_cpp: rosidl_typesupport_fastrtps_cpp;rosidl_typesupport_introspection_cpp
[1.652s] -- Found rosidl_default_generators: 1.2.0 (/opt/ros/humble/share/rosidl_default_generators/cmake)
[1.681s] -- Found rosidl_generator_dds_idl: 0.8.1 (/opt/ros/humble/share/rosidl_generator_dds_idl/cmake)
[1.835s] [31mCMake Error at /opt/ros/humble/share/rosidl_adapter/cmake/rosidl_adapt_interfaces.cmake:59 (message):
[1.835s]   execute_process(/home/unitree/miniconda3/bin/python3 -m rosidl_adapter
[1.835s]   --package-name unitree_go --arguments-file
[1.835s]   /home/unitree/imes-g1/build/unitree_go/rosidl_adapter__arguments__unitree_go.json
[1.835s]   --output-dir
[1.835s]   /home/unitree/imes-g1/build/unitree_go/rosidl_adapter/unitree_go
[1.836s]   --output-file
[1.836s]   /home/unitree/imes-g1/build/unitree_go/rosidl_adapter/unitree_go.idls)
[1.836s]   returned error code 1:
[1.836s] 
[1.836s]   Traceback (most recent call last):
[1.836s] 
[1.836s]     File "<frozen runpy>", line 198, in _run_module_as_main
[1.836s]     File "<frozen runpy>", line 88, in _run_code
[1.836s]     File "/opt/ros/humble/local/lib/python3.10/dist-packages/rosidl_adapter/__main__.py", line 19, in <module>
[1.836s]       sys.exit(main())
[1.837s]                ~~~~^^
[1.837s]     File "/opt/ros/humble/local/lib/python3.10/dist-packages/rosidl_adapter/main.py", line 53, in main
[1.837s]       abs_idl_file = convert_to_idl(
[1.837s]           pathlib.Path(basepath), args.package_name,
[1.837s]           pathlib.Path(relative_path), output_dir)
[1.837s]     File "/opt/ros/humble/local/lib/python3.10/dist-packages/rosidl_adapter/__init__.py", line 18, in convert_to_idl
[1.837s]       from rosidl_adapter.msg import convert_msg_to_idl
[1.837s]     File "/opt/ros/humble/local/lib/python3.10/dist-packages/rosidl_adapter/msg/__init__.py", line 16, in <module>
[1.837s]       from rosidl_adapter.resource import expand_template
[1.837s]     File "/opt/ros/humble/local/lib/python3.10/dist-packages/rosidl_adapter/resource/__init__.py", line 19, in <module>
[1.837s]       import em
[1.837s] 
[1.838s]   ModuleNotFoundError: No module named 'em'
[1.838s] 
[1.838s] Call Stack (most recent call first):
[1.838s]   /opt/ros/humble/share/rosidl_cmake/cmake/rosidl_generate_interfaces.cmake:130 (rosidl_adapt_interfaces)
[1.838s]   CMakeLists.txt:28 (rosidl_generate_interfaces)
[1.838s] 
[1.838s] [0m
[1.838s] -- Configuring incomplete, errors occurred!
[1.838s] See also "/home/unitree/imes-g1/build/unitree_go/CMakeFiles/CMakeOutput.log".
[1.846s] make: *** [Makefile:5701: cmake_check_build_system] Error 1
