[0.101s] Invoking command in '/home/unitree/imes-g1/build/domain_bridge': CMAKE_PREFIX_PATH=${CMAKE_PREFIX_PATH}:/opt/ros/humble CONDA_PROMPT_MODIFIER=(base_copy) PS1=(base_copy) \[\e]0;\u@\h: \w\a\]${debian_chroot:+($debian_chroot)}\[\033[01;32m\]\u@\h\[\033[00m\]:\[\033[01;34m\]\w\[\033[00m\]\$ /usr/bin/cmake --build /home/unitree/imes-g1/build/domain_bridge -- -j8 -l8
[0.136s] make: Warning: File 'Makefile' has modification time 1770221321 s in the future
[0.146s] -- Found ament_cmake: 1.3.11 (/opt/ros/humble/share/ament_cmake/cmake)
[0.389s] -- Override CMake install command with custom implementation using symlinks instead of copying resources
[0.427s] -- Found rcl: 5.3.9 (/opt/ros/humble/share/rcl/cmake)
[0.514s] -- Found rosidl_generator_c: 3.1.6 (/opt/ros/humble/share/rosidl_generator_c/cmake)
[0.518s] -- Found rosidl_adapter: 3.1.6 (/opt/ros/humble/share/rosidl_adapter/cmake)
[0.532s] -- Found rosidl_generator_cpp: 3.1.6 (/opt/ros/humble/share/rosidl_generator_cpp/cmake)
[0.557s] -- Using all available rosidl_typesupport_c: rosidl_typesupport_fastrtps_c;rosidl_typesupport_introspection_c
[0.587s] -- Using all available rosidl_typesupport_cpp: rosidl_typesupport_fastrtps_cpp;rosidl_typesupport_introspection_cpp
[0.648s] -- Found rmw_implementation_cmake: 6.1.2 (/opt/ros/humble/share/rmw_implementation_cmake/cmake)
[0.652s] -- Found rmw_cyclonedds_cpp: 1.3.4 (/home/unitree/ros2/unitree_ros2/cyclonedds_ws/install/rmw_cyclonedds_cpp/share/rmw_cyclonedds_cpp/cmake)
[0.685s] -- Using RMW implementation 'rmw_cyclonedds_cpp' as default
[0.703s] -- Found rclcpp: 16.0.11 (/opt/ros/humble/share/rclcpp/cmake)
[0.796s] -- Found rosbag2_cpp: 0.15.13 (/opt/ros/humble/share/rosbag2_cpp/cmake)
[0.858s] -- Found rosidl_default_generators: 1.2.0 (/opt/ros/humble/share/rosidl_default_generators/cmake)
[0.876s] -- Found zstd_vendor: 0.15.13 (/opt/ros/humble/share/zstd_vendor/cmake)
[0.877s] [31mCMake Error at /opt/ros/humble/share/zstd_vendor/cmake/Modules/Findzstd.cmake:21 (file):
[0.877s]   file STRINGS file "/opt/ros/foxy/include/zstd.h" cannot be read.
[0.877s] Call Stack (most recent call first):
[0.877s]   CMakeLists.txt:30 (find_package)
[0.877s] 
[0.877s] [0m
[1.011s] [31mCMake Error at /opt/ros/humble/share/rosidl_adapter/cmake/rosidl_adapt_interfaces.cmake:59 (message):
[1.011s]   execute_process(/home/unitree/miniconda3/bin/python3 -m rosidl_adapter
[1.011s]   --package-name domain_bridge --arguments-file
[1.011s]   /home/unitree/imes-g1/build/domain_bridge/rosidl_adapter__arguments__domain_bridge.json
[1.011s]   --output-dir
[1.011s]   /home/unitree/imes-g1/build/domain_bridge/rosidl_adapter/domain_bridge
[1.011s]   --output-file
[1.011s]   /home/unitree/imes-g1/build/domain_bridge/rosidl_adapter/domain_bridge.idls)
[1.012s]   returned error code 1:
[1.012s] 
[1.012s]   Traceback (most recent call last):
[1.012s] 
[1.012s]     File "<frozen runpy>", line 198, in _run_module_as_main
[1.012s]     File "<frozen runpy>", line 88, in _run_code
[1.012s]     File "/opt/ros/humble/local/lib/python3.10/dist-packages/rosidl_adapter/__main__.py", line 19, in <module>
[1.012s]       sys.exit(main())
[1.012s]                ~~~~^^
[1.012s]     File "/opt/ros/humble/local/lib/python3.10/dist-packages/rosidl_adapter/main.py", line 53, in main
[1.012s]       abs_idl_file = convert_to_idl(
[1.012s]           pathlib.Path(basepath), args.package_name,
[1.013s]           pathlib.Path(relative_path), output_dir)
[1.013s]     File "/opt/ros/humble/local/lib/python3.10/dist-packages/rosidl_adapter/__init__.py", line 18, in convert_to_idl
[1.013s]       from rosidl_adapter.msg import convert_msg_to_idl
[1.013s]     File "/opt/ros/humble/local/lib/python3.10/dist-packages/rosidl_adapter/msg/__init__.py", line 16, in <module>
[1.013s]       from rosidl_adapter.resource import expand_template
[1.013s]     File "/opt/ros/humble/local/lib/python3.10/dist-packages/rosidl_adapter/resource/__init__.py", line 19, in <module>
[1.013s]       import em
[1.013s] 
[1.013s]   ModuleNotFoundError: No module named 'em'
[1.013s] 
[1.013s] Call Stack (most recent call first):
[1.013s]   /opt/ros/humble/share/rosidl_cmake/cmake/rosidl_generate_interfaces.cmake:130 (rosidl_adapt_interfaces)
[1.014s]   CMakeLists.txt:32 (rosidl_generate_interfaces)
[1.014s] 
[1.014s] [0m
[1.014s] -- Configuring incomplete, errors occurred!
[1.014s] See also "/home/unitree/imes-g1/build/domain_bridge/CMakeFiles/CMakeOutput.log".
[1.014s] See also "/home/unitree/imes-g1/build/domain_bridge/CMakeFiles/CMakeError.log".
[1.027s] make: *** [Makefile:1212: cmake_check_build_system] Error 1
