[0.090s] Invoking command in '/home/unitree/imes-g1/build/domain_bridge': CMAKE_PREFIX_PATH=${CMAKE_PREFIX_PATH}:/opt/ros/humble CONDA_PROMPT_MODIFIER=(base_copy) PS1=(base_copy) \[\e]0;\u@\h: \w\a\]${debian_chroot:+($debian_chroot)}\[\033[01;32m\]\u@\h\[\033[00m\]:\[\033[01;34m\]\w\[\033[00m\]\$ /usr/bin/cmake --build /home/unitree/imes-g1/build/domain_bridge -- -j8 -l8
[0.139s] -- Found ament_cmake: 1.3.11 (/opt/ros/humble/share/ament_cmake/cmake)
[0.144s] make: Warning: File 'Makefile' has modification time 1770221453 s in the future
[0.339s] -- Override CMake install command with custom implementation using symlinks instead of copying resources
[0.359s] -- Found rcl: 5.3.9 (/opt/ros/humble/share/rcl/cmake)
[0.435s] -- Found rosidl_generator_c: 3.1.6 (/opt/ros/humble/share/rosidl_generator_c/cmake)
[0.442s] -- Found rosidl_adapter: 3.1.6 (/opt/ros/humble/share/rosidl_adapter/cmake)
[0.454s] -- Found rosidl_generator_cpp: 3.1.6 (/opt/ros/humble/share/rosidl_generator_cpp/cmake)
[0.477s] -- Using all available rosidl_typesupport_c: rosidl_typesupport_fastrtps_c;rosidl_typesupport_introspection_c
[0.518s] -- Using all available rosidl_typesupport_cpp: rosidl_typesupport_fastrtps_cpp;rosidl_typesupport_introspection_cpp
[0.580s] -- Found rmw_implementation_cmake: 6.1.2 (/opt/ros/humble/share/rmw_implementation_cmake/cmake)
[0.580s] -- Found rmw_cyclonedds_cpp: 1.3.4 (/home/unitree/ros2/unitree_ros2/cyclonedds_ws/install/rmw_cyclonedds_cpp/share/rmw_cyclonedds_cpp/cmake)
[0.609s] -- Using RMW implementation 'rmw_cyclonedds_cpp' as default
[0.628s] -- Found rclcpp: 16.0.11 (/opt/ros/humble/share/rclcpp/cmake)
[0.723s] -- Found rosbag2_cpp: 0.15.13 (/opt/ros/humble/share/rosbag2_cpp/cmake)
[0.780s] -- Found rosidl_default_generators: 1.2.0 (/opt/ros/humble/share/rosidl_default_generators/cmake)
[0.794s] -- Found zstd_vendor: 0.15.13 (/opt/ros/humble/share/zstd_vendor/cmake)
[0.795s] [31mCMake Error at /opt/ros/humble/share/zstd_vendor/cmake/Modules/Findzstd.cmake:21 (file):
[0.795s]   file STRINGS file "/opt/ros/foxy/include/zstd.h" cannot be read.
[0.795s] Call Stack (most recent call first):
[0.795s]   CMakeLists.txt:30 (find_package)
[0.795s] 
[0.796s] [0m
[0.920s] [31mCMake Error at /opt/ros/humble/share/rosidl_adapter/cmake/rosidl_adapt_interfaces.cmake:59 (message):
[0.920s]   execute_process(/home/unitree/miniconda3/bin/python3 -m rosidl_adapter
[0.920s]   --package-name domain_bridge --arguments-file
[0.920s]   /home/unitree/imes-g1/build/domain_bridge/rosidl_adapter__arguments__domain_bridge.json
[0.921s]   --output-dir
[0.921s]   /home/unitree/imes-g1/build/domain_bridge/rosidl_adapter/domain_bridge
[0.921s]   --output-file
[0.921s]   /home/unitree/imes-g1/build/domain_bridge/rosidl_adapter/domain_bridge.idls)
[0.921s]   returned error code 1:
[0.921s] 
[0.921s]   Traceback (most recent call last):
[0.921s] 
[0.921s]     File "<frozen runpy>", line 198, in _run_module_as_main
[0.921s]     File "<frozen runpy>", line 88, in _run_code
[0.921s]     File "/opt/ros/humble/local/lib/python3.10/dist-packages/rosidl_adapter/__main__.py", line 19, in <module>
[0.922s]       sys.exit(main())
[0.922s]                ~~~~^^
[0.922s]     File "/opt/ros/humble/local/lib/python3.10/dist-packages/rosidl_adapter/main.py", line 53, in main
[0.922s]       abs_idl_file = convert_to_idl(
[0.922s]           pathlib.Path(basepath), args.package_name,
[0.922s]           pathlib.Path(relative_path), output_dir)
[0.922s]     File "/opt/ros/humble/local/lib/python3.10/dist-packages/rosidl_adapter/__init__.py", line 18, in convert_to_idl
[0.922s]       from rosidl_adapter.msg import convert_msg_to_idl
[0.922s]     File "/opt/ros/humble/local/lib/python3.10/dist-packages/rosidl_adapter/msg/__init__.py", line 16, in <module>
[0.922s]       from rosidl_adapter.resource import expand_template
[0.922s]     File "/opt/ros/humble/local/lib/python3.10/dist-packages/rosidl_adapter/resource/__init__.py", line 19, in <module>
[0.922s]       import em
[0.923s] 
[0.923s]   ModuleNotFoundError: No module named 'em'
[0.923s] 
[0.923s] Call Stack (most recent call first):
[0.923s]   /opt/ros/humble/share/rosidl_cmake/cmake/rosidl_generate_interfaces.cmake:130 (rosidl_adapt_interfaces)
[0.923s]   CMakeLists.txt:32 (rosidl_generate_interfaces)
[0.923s] 
[0.923s] [0m
[0.923s] -- Configuring incomplete, errors occurred!
[0.923s] See also "/home/unitree/imes-g1/build/domain_bridge/CMakeFiles/CMakeOutput.log".
[0.923s] See also "/home/unitree/imes-g1/build/domain_bridge/CMakeFiles/CMakeError.log".
[0.934s] make: *** [Makefile:1212: cmake_check_build_system] Error 1
