[0.139s] Invoking command in '/home/unitree/imes-g1/build/g1_depth_camera': CMAKE_PREFIX_PATH=${CMAKE_PREFIX_PATH}:/opt/ros/humble CONDA_PROMPT_MODIFIER=(base_copy) PS1=(base_copy) \[\e]0;\u@\h: \w\a\]${debian_chroot:+($debian_chroot)}\[\033[01;32m\]\u@\h\[\033[00m\]:\[\033[01;34m\]\w\[\033[00m\]\$ /usr/bin/cmake --build /home/unitree/imes-g1/build/g1_depth_camera -- -j8 -l8
[0.545s] -- Found ament_cmake: 1.3.11 (/opt/ros/humble/share/ament_cmake/cmake)
[0.546s] -- Override CMake install command with custom implementation using symlinks instead of copying resources
[0.546s] -- Found ament_lint_auto: 0.12.11 (/opt/ros/humble/share/ament_lint_auto/cmake)
[0.546s] -- Configuring incomplete, errors occurred!
[0.546s] See also "/home/unitree/imes-g1/build/g1_depth_camera/CMakeFiles/CMakeOutput.log".
[0.548s] make: Warning: File 'Makefile' has modification time 1770221451 s in the future
[0.548s] Traceback (most recent call last):
[0.548s]   File "/opt/ros/humble/share/ament_cmake_core/cmake/core/package_xml_2_cmake.py", line 22, in <module>
[0.548s]     from catkin_pkg.package import parse_package_string
[0.548s] ModuleNotFoundError: No module named 'catkin_pkg'
[0.548s] [31mCMake Error at /opt/ros/humble/share/ament_cmake_core/cmake/core/ament_package_xml.cmake:95 (message):
[0.554s]   execute_process(/home/unitree/miniconda3/bin/python3
[0.554s]   /opt/ros/humble/share/ament_cmake_core/cmake/core/package_xml_2_cmake.py
[0.555s]   /home/unitree/imes-g1/src/ros/g1_depth_camera/package.xml
[0.555s]   /home/unitree/imes-g1/build/g1_depth_camera/ament_cmake_core/package.cmake)
[0.555s]   returned error code 1
[0.555s] Call Stack (most recent call first):
[0.555s]   /opt/ros/humble/share/ament_cmake_core/cmake/core/ament_package_xml.cmake:49 (_ament_package_xml)
[0.555s]   /opt/ros/humble/share/ament_lint_auto/cmake/ament_lint_auto_find_test_dependencies.cmake:31 (ament_package_xml)
[0.555s]   CMakeLists.txt:23 (ament_lint_auto_find_test_dependencies)
[0.555s] 
[0.556s] [0m
[0.556s] make: *** [Makefile:226: cmake_check_build_system] Error 1
