[0.059s] Invoking command in '/home/unitree/imes-g1/build/unitree_api': CMAKE_PREFIX_PATH=${CMAKE_PREFIX_PATH}:/opt/ros/humble CONDA_PROMPT_MODIFIER=(base_copy) PS1=(base_copy) \[\e]0;\u@\h: \w\a\]${debian_chroot:+($debian_chroot)}\[\033[01;32m\]\u@\h\[\033[00m\]:\[\033[01;34m\]\w\[\033[00m\]\$ /usr/bin/cmake --build /home/unitree/imes-g1/build/unitree_api -- -j8 -l8
[0.138s] -- Found ament_cmake: 1.3.11 (/opt/ros/humble/share/ament_cmake/cmake)
[0.151s] make: Warning: File 'Makefile' has modification time 1770221453 s in the future
[0.353s] -- Override CMake install command with custom implementation using symlinks instead of copying resources
[0.371s] -- Found geometry_msgs: 4.2.4 (/opt/ros/humble/share/geometry_msgs/cmake)
[0.441s] -- Found rosidl_generator_c: 3.1.6 (/opt/ros/humble/share/rosidl_generator_c/cmake)
[0.447s] -- Found rosidl_adapter: 3.1.6 (/opt/ros/humble/share/rosidl_adapter/cmake)
[0.480s] -- Found rosidl_generator_cpp: 3.1.6 (/opt/ros/humble/share/rosidl_generator_cpp/cmake)
[0.502s] -- Using all available rosidl_typesupport_c: rosidl_typesupport_fastrtps_c;rosidl_typesupport_introspection_c
[0.529s] -- Using all available rosidl_typesupport_cpp: rosidl_typesupport_fastrtps_cpp;rosidl_typesupport_introspection_cpp
[0.603s] -- Found rosidl_default_generators: 1.2.0 (/opt/ros/humble/share/rosidl_default_generators/cmake)
[0.618s] -- Found rosidl_generator_dds_idl: 0.8.1 (/opt/ros/humble/share/rosidl_generator_dds_idl/cmake)
[0.767s] [31mCMake Error at /opt/ros/humble/share/rosidl_adapter/cmake/rosidl_adapt_interfaces.cmake:59 (message):
[0.767s]   execute_process(/home/unitree/miniconda3/bin/python3 -m rosidl_adapter
[0.767s]   --package-name unitree_api --arguments-file
[0.767s]   /home/unitree/imes-g1/build/unitree_api/rosidl_adapter__arguments__unitree_api.json
[0.767s]   --output-dir
[0.767s]   /home/unitree/imes-g1/build/unitree_api/rosidl_adapter/unitree_api
[0.767s]   --output-file
[0.767s]   /home/unitree/imes-g1/build/unitree_api/rosidl_adapter/unitree_api.idls)
[0.767s]   returned error code 1:
[0.767s] 
[0.768s]   Traceback (most recent call last):
[0.768s] 
[0.768s]     File "<frozen runpy>", line 198, in _run_module_as_main
[0.768s]     File "<frozen runpy>", line 88, in _run_code
[0.768s]     File "/opt/ros/humble/local/lib/python3.10/dist-packages/rosidl_adapter/__main__.py", line 19, in <module>
[0.768s]       sys.exit(main())
[0.768s]                ~~~~^^
[0.768s]     File "/opt/ros/humble/local/lib/python3.10/dist-packages/rosidl_adapter/main.py", line 53, in main
[0.768s]       abs_idl_file = convert_to_idl(
[0.768s]           pathlib.Path(basepath), args.package_name,
[0.768s]           pathlib.Path(relative_path), output_dir)
[0.768s]     File "/opt/ros/humble/local/lib/python3.10/dist-packages/rosidl_adapter/__init__.py", line 18, in convert_to_idl
[0.769s]       from rosidl_adapter.msg import convert_msg_to_idl
[0.769s]     File "/opt/ros/humble/local/lib/python3.10/dist-packages/rosidl_adapter/msg/__init__.py", line 16, in <module>
[0.769s]       from rosidl_adapter.resource import expand_template
[0.769s]     File "/opt/ros/humble/local/lib/python3.10/dist-packages/rosidl_adapter/resource/__init__.py", line 19, in <module>
[0.769s]       import em
[0.769s] 
[0.769s]   ModuleNotFoundError: No module named 'em'
[0.769s] 
[0.769s] Call Stack (most recent call first):
[0.769s]   /opt/ros/humble/share/rosidl_cmake/cmake/rosidl_generate_interfaces.cmake:130 (rosidl_adapt_interfaces)
[0.769s]   CMakeLists.txt:28 (rosidl_generate_interfaces)
[0.770s] 
[0.770s] [0m
[0.770s] -- Configuring incomplete, errors occurred!
[0.770s] See also "/home/unitree/imes-g1/build/unitree_api/CMakeFiles/CMakeOutput.log".
[0.776s] make: *** [Makefile:2245: cmake_check_build_system] Error 1
